<?xml version="1.0" encoding="UTF-8"?>
<!-- Generated by org.testng.reporters.JUnitReportReporter -->
<testsuite hostname="DESKTOP-9DR66BC" failures="0" tests="1" name="TestNG.campaignWithProduct" time="40.515" errors="0" timestamp="2024-12-20T11:26:24 IST" skipped="0">
  <testcase classname="TestNG.campaignWithProduct" name="campaignWithProductTest" time="40.515"/>
  <system-out/>
</testsuite> <!-- TestNG.campaignWithProduct -->
