<?xml version="1.0" encoding="UTF-8"?>
<!-- Generated by org.testng.reporters.JUnitReportReporter -->
<testsuite hostname="DESKTOP-9DR66BC" failures="0" tests="1" name="TestNG.campaignWithProductTest" time="47.381" errors="0" timestamp="2024-12-20T11:38:17 IST" skipped="0">
  <testcase classname="TestNG.campaignWithProductTest" name="campaignWithProductTest1" time="47.381"/>
  <system-out/>
</testsuite> <!-- TestNG.campaignWithProductTest -->
